">>> Start" 
2013/12/01 21:09:23 FG0i0005: value of log : some -
2013/12/01 21:09:23 FG0i0010: options-file  : FileDates\FileDates.properties -
2013/12/01 21:09:23 FG0i0011: value of path : testdata -
2013/12/01 21:09:23 FG0i0015: value of allowit : no -
2013/12/01 21:09:23 FG0i0020: creation date       - base : 2013-09-01 - offset : -600 - random : 600 -
2013/12/01 21:09:23 FG0i0030: laste modified date - base : create - offset : 0 - random : 50 -
2013/12/01 21:09:23 FG0i0040: last access date    - base : modify - offset : 60 - random : 60 -
2013/12/01 21:09:23 FG0i0999: finished -
2013/12/01 21:09:23 FG0i0005: value of log : some -
2013/12/01 21:09:23 FG0i0010: options-file  : FileDates\FileDates.properties -
2013/12/01 21:09:23 FG0i0011: value of path : testdata\2 -
2013/12/01 21:09:23 FG0i0015: value of allowit : no -
2013/12/01 21:09:23 FG0i0020: creation date       - base : 2011-09-01 - offset : -600 - random : 600 -
2013/12/01 21:09:23 FG0i0030: laste modified date - base : create - offset : 0 - random : 50 -
2013/12/01 21:09:23 FG0i0040: last access date    - base : modify - offset : 60 - random : 60 -
2013/12/01 21:09:23 FG0i0999: finished -
2013/12/01 21:09:24 FG0i0005: value of log : some -
2013/12/01 21:09:24 FG0i0010: options-file  : FileDates\FileDates.properties -
2013/12/01 21:09:24 FG0i0011: value of path : testdata\2\3a -
2013/12/01 21:09:24 FG0i0015: value of allowit : no -
2013/12/01 21:09:24 FG0i0020: creation date       - base : 2009-09-01 - offset : -600 - random : 600 -
2013/12/01 21:09:24 FG0i0030: laste modified date - base : create - offset : 0 - random : 50 -
2013/12/01 21:09:24 FG0i0040: last access date    - base : modify - offset : 60 - random : 60 -
2013/12/01 21:09:24 FG0i0999: finished -
2013/12/01 21:09:24 FG0i0005: value of log : some -
2013/12/01 21:09:24 FG0i0010: options-file  : FileDates\FileDates.properties -
2013/12/01 21:09:24 FG0i0011: value of path : testdata\2\3a\4b -
2013/12/01 21:09:24 FG0i0015: value of allowit : no -
2013/12/01 21:09:24 FG0i0020: creation date       - base : 2007-09-01 - offset : -600 - random : 600 -
2013/12/01 21:09:24 FG0i0030: laste modified date - base : create - offset : 0 - random : 50 -
2013/12/01 21:09:24 FG0i0040: last access date    - base : modify - offset : 60 - random : 60 -
2013/12/01 21:09:24 FG0i0999: finished -
">>> finished" 
